C:\Program Files (x86)\Microsoft Visual Studio\2017\Enterprise\Common7\IDE\VC\VCTargets\Microsoft.CppBuild.targets(937,5): warning MSB8027: Two or more files with the name of GLee.c will produce outputs to the same location. This can lead to an incorrect build result.  The files involved are ..\GLee.c, ..\shared\GLee.c.
  GLee.c
..\GLee.c(9306): warning C4996: 'strcpy': This function or variable may be unsafe. Consider using strcpy_s instead. To disable deprecation, use _CRT_SECURE_NO_WARNINGS. See online help for details.
..\GLee.c(9374): warning C4996: 'sprintf': This function or variable may be unsafe. Consider using sprintf_s instead. To disable deprecation, use _CRT_SECURE_NO_WARNINGS. See online help for details.
  C:\Program Files (x86)\Windows Kits\10\Include\10.0.15063.0\ucrt\stdio.h(1772): note: see declaration of 'sprintf'
  GLee.c
..\shared\GLee.c(9306): warning C4996: 'strcpy': This function or variable may be unsafe. Consider using strcpy_s instead. To disable deprecation, use _CRT_SECURE_NO_WARNINGS. See online help for details.
..\shared\GLee.c(9374): warning C4996: 'sprintf': This function or variable may be unsafe. Consider using sprintf_s instead. To disable deprecation, use _CRT_SECURE_NO_WARNINGS. See online help for details.
  C:\Program Files (x86)\Windows Kits\10\Include\10.0.15063.0\ucrt\stdio.h(1772): note: see declaration of 'sprintf'
  gltools.cpp
..\gltools.cpp(433): warning C4996: 'fopen': This function or variable may be unsafe. Consider using fopen_s instead. To disable deprecation, use _CRT_SECURE_NO_WARNINGS. See online help for details.
  C:\Program Files (x86)\Windows Kits\10\Include\10.0.15063.0\ucrt\stdio.h(207): note: see declaration of 'fopen'
..\gltools.cpp(476): warning C4996: 'fopen': This function or variable may be unsafe. Consider using fopen_s instead. To disable deprecation, use _CRT_SECURE_NO_WARNINGS. See online help for details.
  C:\Program Files (x86)\Windows Kits\10\Include\10.0.15063.0\ucrt\stdio.h(207): note: see declaration of 'fopen'
  main.cpp
..\main.cpp(275): warning C4244: 'initializing': conversion from 'GLint' to 'GLfloat', possible loss of data
..\main.cpp(281): warning C4244: 'argument': conversion from 'GLint' to 'GLfloat', possible loss of data
..\main.cpp(282): warning C4244: 'argument': conversion from 'GLint' to 'GLfloat', possible loss of data
..\main.cpp(289): warning C4244: 'argument': conversion from 'GLint' to 'GLfloat', possible loss of data
..\main.cpp(290): warning C4244: 'argument': conversion from 'GLint' to 'GLfloat', possible loss of data
..\main.cpp(297): warning C4244: 'argument': conversion from 'GLint' to 'GLfloat', possible loss of data
..\main.cpp(298): warning C4244: 'argument': conversion from 'GLint' to 'GLfloat', possible loss of data
..\main.cpp(456): warning C4305: 'argument': truncation from 'double' to 'GLfloat'
..\main.cpp(513): warning C4244: 'argument': conversion from 'long' to 'GLfloat', possible loss of data
..\main.cpp(626): warning C4305: 'argument': truncation from 'double' to 'GLfloat'
..\main.cpp(758): warning C4244: '=': conversion from 'int' to 'GLfloat', possible loss of data
..\main.cpp(759): warning C4244: '=': conversion from 'int' to 'GLfloat', possible loss of data
..\main.cpp(760): warning C4244: '=': conversion from 'int' to 'GLfloat', possible loss of data
..\main.cpp(1087): warning C4244: 'argument': conversion from 'time_t' to 'unsigned int', possible loss of data
  math3d.cpp
  glm.cpp
..\shared\glm.cpp(187): warning C4996: 'strdup': The POSIX name for this item is deprecated. Instead, use the ISO C and C++ conformant name: _strdup. See online help for details.
  C:\Program Files (x86)\Windows Kits\10\Include\10.0.15063.0\ucrt\string.h(538): note: see declaration of 'strdup'
..\shared\glm.cpp(234): warning C4996: 'strdup': The POSIX name for this item is deprecated. Instead, use the ISO C and C++ conformant name: _strdup. See online help for details.
  C:\Program Files (x86)\Windows Kits\10\Include\10.0.15063.0\ucrt\string.h(538): note: see declaration of 'strdup'
..\shared\glm.cpp(262): warning C4996: 'strcpy': This function or variable may be unsafe. Consider using strcpy_s instead. To disable deprecation, use _CRT_SECURE_NO_WARNINGS. See online help for details.
  C:\Program Files (x86)\Windows Kits\10\Include\10.0.15063.0\ucrt\string.h(136): note: see declaration of 'strcpy'
..\shared\glm.cpp(263): warning C4996: 'strcat': This function or variable may be unsafe. Consider using strcat_s instead. To disable deprecation, use _CRT_SECURE_NO_WARNINGS. See online help for details.
  C:\Program Files (x86)\Windows Kits\10\Include\10.0.15063.0\ucrt\string.h(93): note: see declaration of 'strcat'
..\shared\glm.cpp(303): warning C4305: '=': truncation from 'double' to 'GLfloat'
..\shared\glm.cpp(304): warning C4305: '=': truncation from 'double' to 'GLfloat'
..\shared\glm.cpp(305): warning C4305: '=': truncation from 'double' to 'GLfloat'
..\shared\glm.cpp(307): warning C4305: '=': truncation from 'double' to 'GLfloat'
..\shared\glm.cpp(308): warning C4305: '=': truncation from 'double' to 'GLfloat'
..\shared\glm.cpp(309): warning C4305: '=': truncation from 'double' to 'GLfloat'
..\shared\glm.cpp(266): warning C4996: 'fopen': This function or variable may be unsafe. Consider using fopen_s instead. To disable deprecation, use _CRT_SECURE_NO_WARNINGS. See online help for details.
  C:\Program Files (x86)\Windows Kits\10\Include\10.0.15063.0\ucrt\stdio.h(207): note: see declaration of 'fopen'
..\shared\glm.cpp(276): warning C4996: 'fscanf': This function or variable may be unsafe. Consider using fscanf_s instead. To disable deprecation, use _CRT_SECURE_NO_WARNINGS. See online help for details.
  C:\Program Files (x86)\Windows Kits\10\Include\10.0.15063.0\ucrt\stdio.h(1195): note: see declaration of 'fscanf'
..\shared\glm.cpp(285): warning C4996: 'sscanf': This function or variable may be unsafe. Consider using sscanf_s instead. To disable deprecation, use _CRT_SECURE_NO_WARNINGS. See online help for details.
  C:\Program Files (x86)\Windows Kits\10\Include\10.0.15063.0\ucrt\stdio.h(2260): note: see declaration of 'sscanf'
..\shared\glm.cpp(316): warning C4996: 'strdup': The POSIX name for this item is deprecated. Instead, use the ISO C and C++ conformant name: _strdup. See online help for details.
  C:\Program Files (x86)\Windows Kits\10\Include\10.0.15063.0\ucrt\string.h(538): note: see declaration of 'strdup'
..\shared\glm.cpp(320): warning C4996: 'fscanf': This function or variable may be unsafe. Consider using fscanf_s instead. To disable deprecation, use _CRT_SECURE_NO_WARNINGS. See online help for details.
  C:\Program Files (x86)\Windows Kits\10\Include\10.0.15063.0\ucrt\stdio.h(1195): note: see declaration of 'fscanf'
..\shared\glm.cpp(328): warning C4996: 'sscanf': This function or variable may be unsafe. Consider using sscanf_s instead. To disable deprecation, use _CRT_SECURE_NO_WARNINGS. See online help for details.
  C:\Program Files (x86)\Windows Kits\10\Include\10.0.15063.0\ucrt\stdio.h(2260): note: see declaration of 'sscanf'
..\shared\glm.cpp(330): warning C4996: 'strdup': The POSIX name for this item is deprecated. Instead, use the ISO C and C++ conformant name: _strdup. See online help for details.
  C:\Program Files (x86)\Windows Kits\10\Include\10.0.15063.0\ucrt\string.h(538): note: see declaration of 'strdup'
..\shared\glm.cpp(333): warning C4996: 'fscanf': This function or variable may be unsafe. Consider using fscanf_s instead. To disable deprecation, use _CRT_SECURE_NO_WARNINGS. See online help for details.
  C:\Program Files (x86)\Windows Kits\10\Include\10.0.15063.0\ucrt\stdio.h(1195): note: see declaration of 'fscanf'
..\shared\glm.cpp(341): warning C4996: 'fscanf': This function or variable may be unsafe. Consider using fscanf_s instead. To disable deprecation, use _CRT_SECURE_NO_WARNINGS. See online help for details.
  C:\Program Files (x86)\Windows Kits\10\Include\10.0.15063.0\ucrt\stdio.h(1195): note: see declaration of 'fscanf'
..\shared\glm.cpp(347): warning C4996: 'fscanf': This function or variable may be unsafe. Consider using fscanf_s instead. To disable deprecation, use _CRT_SECURE_NO_WARNINGS. See online help for details.
  C:\Program Files (x86)\Windows Kits\10\Include\10.0.15063.0\ucrt\stdio.h(1195): note: see declaration of 'fscanf'
..\shared\glm.cpp(353): warning C4996: 'fscanf': This function or variable may be unsafe. Consider using fscanf_s instead. To disable deprecation, use _CRT_SECURE_NO_WARNINGS. See online help for details.
  C:\Program Files (x86)\Windows Kits\10\Include\10.0.15063.0\ucrt\stdio.h(1195): note: see declaration of 'fscanf'
..\shared\glm.cpp(391): warning C4996: 'strcpy': This function or variable may be unsafe. Consider using strcpy_s instead. To disable deprecation, use _CRT_SECURE_NO_WARNINGS. See online help for details.
  C:\Program Files (x86)\Windows Kits\10\Include\10.0.15063.0\ucrt\string.h(136): note: see declaration of 'strcpy'
..\shared\glm.cpp(392): warning C4996: 'strcat': This function or variable may be unsafe. Consider using strcat_s instead. To disable deprecation, use _CRT_SECURE_NO_WARNINGS. See online help for details.
  C:\Program Files (x86)\Windows Kits\10\Include\10.0.15063.0\ucrt\string.h(93): note: see declaration of 'strcat'
..\shared\glm.cpp(396): warning C4996: 'fopen': This function or variable may be unsafe. Consider using fopen_s instead. To disable deprecation, use _CRT_SECURE_NO_WARNINGS. See online help for details.
  C:\Program Files (x86)\Windows Kits\10\Include\10.0.15063.0\ucrt\stdio.h(207): note: see declaration of 'fopen'
..\shared\glm.cpp(452): warning C4996: 'fscanf': This function or variable may be unsafe. Consider using fscanf_s instead. To disable deprecation, use _CRT_SECURE_NO_WARNINGS. See online help for details.
  C:\Program Files (x86)\Windows Kits\10\Include\10.0.15063.0\ucrt\stdio.h(1195): note: see declaration of 'fscanf'
..\shared\glm.cpp(483): warning C4996: 'sscanf': This function or variable may be unsafe. Consider using sscanf_s instead. To disable deprecation, use _CRT_SECURE_NO_WARNINGS. See online help for details.
  C:\Program Files (x86)\Windows Kits\10\Include\10.0.15063.0\ucrt\stdio.h(2260): note: see declaration of 'sscanf'
..\shared\glm.cpp(484): warning C4996: 'strdup': The POSIX name for this item is deprecated. Instead, use the ISO C and C++ conformant name: _strdup. See online help for details.
  C:\Program Files (x86)\Windows Kits\10\Include\10.0.15063.0\ucrt\string.h(538): note: see declaration of 'strdup'
..\shared\glm.cpp(503): warning C4996: 'fscanf': This function or variable may be unsafe. Consider using fscanf_s instead. To disable deprecation, use _CRT_SECURE_NO_WARNINGS. See online help for details.
  C:\Program Files (x86)\Windows Kits\10\Include\10.0.15063.0\ucrt\stdio.h(1195): note: see declaration of 'fscanf'
..\shared\glm.cpp(507): warning C4996: 'sscanf': This function or variable may be unsafe. Consider using sscanf_s instead. To disable deprecation, use _CRT_SECURE_NO_WARNINGS. See online help for details.
  C:\Program Files (x86)\Windows Kits\10\Include\10.0.15063.0\ucrt\stdio.h(2260): note: see declaration of 'sscanf'
..\shared\glm.cpp(508): warning C4996: 'fscanf': This function or variable may be unsafe. Consider using fscanf_s instead. To disable deprecation, use _CRT_SECURE_NO_WARNINGS. See online help for details.
  C:\Program Files (x86)\Windows Kits\10\Include\10.0.15063.0\ucrt\stdio.h(1195): note: see declaration of 'fscanf'
..\shared\glm.cpp(509): warning C4996: 'fscanf': This function or variable may be unsafe. Consider using fscanf_s instead. To disable deprecation, use _CRT_SECURE_NO_WARNINGS. See online help for details.
  C:\Program Files (x86)\Windows Kits\10\Include\10.0.15063.0\ucrt\stdio.h(1195): note: see declaration of 'fscanf'
..\shared\glm.cpp(512): warning C4996: 'fscanf': This function or variable may be unsafe. Consider using fscanf_s instead. To disable deprecation, use _CRT_SECURE_NO_WARNINGS. See online help for details.
  C:\Program Files (x86)\Windows Kits\10\Include\10.0.15063.0\ucrt\stdio.h(1195): note: see declaration of 'fscanf'
..\shared\glm.cpp(516): warning C4996: 'sscanf': This function or variable may be unsafe. Consider using sscanf_s instead. To disable deprecation, use _CRT_SECURE_NO_WARNINGS. See online help for details.
  C:\Program Files (x86)\Windows Kits\10\Include\10.0.15063.0\ucrt\stdio.h(2260): note: see declaration of 'sscanf'
..\shared\glm.cpp(518): warning C4996: 'fscanf': This function or variable may be unsafe. Consider using fscanf_s instead. To disable deprecation, use _CRT_SECURE_NO_WARNINGS. See online help for details.
  C:\Program Files (x86)\Windows Kits\10\Include\10.0.15063.0\ucrt\stdio.h(1195): note: see declaration of 'fscanf'
..\shared\glm.cpp(519): warning C4996: 'fscanf': This function or variable may be unsafe. Consider using fscanf_s instead. To disable deprecation, use _CRT_SECURE_NO_WARNINGS. See online help for details.
  C:\Program Files (x86)\Windows Kits\10\Include\10.0.15063.0\ucrt\stdio.h(1195): note: see declaration of 'fscanf'
..\shared\glm.cpp(522): warning C4996: 'fscanf': This function or variable may be unsafe. Consider using fscanf_s instead. To disable deprecation, use _CRT_SECURE_NO_WARNINGS. See online help for details.
  C:\Program Files (x86)\Windows Kits\10\Include\10.0.15063.0\ucrt\stdio.h(1195): note: see declaration of 'fscanf'
..\shared\glm.cpp(526): warning C4996: 'sscanf': This function or variable may be unsafe. Consider using sscanf_s instead. To disable deprecation, use _CRT_SECURE_NO_WARNINGS. See online help for details.
  C:\Program Files (x86)\Windows Kits\10\Include\10.0.15063.0\ucrt\stdio.h(2260): note: see declaration of 'sscanf'
..\shared\glm.cpp(528): warning C4996: 'fscanf': This function or variable may be unsafe. Consider using fscanf_s instead. To disable deprecation, use _CRT_SECURE_NO_WARNINGS. See online help for details.
  C:\Program Files (x86)\Windows Kits\10\Include\10.0.15063.0\ucrt\stdio.h(1195): note: see declaration of 'fscanf'
..\shared\glm.cpp(529): warning C4996: 'fscanf': This function or variable may be unsafe. Consider using fscanf_s instead. To disable deprecation, use _CRT_SECURE_NO_WARNINGS. See online help for details.
  C:\Program Files (x86)\Windows Kits\10\Include\10.0.15063.0\ucrt\stdio.h(1195): note: see declaration of 'fscanf'
..\shared\glm.cpp(532): warning C4996: 'fscanf': This function or variable may be unsafe. Consider using fscanf_s instead. To disable deprecation, use _CRT_SECURE_NO_WARNINGS. See online help for details.
  C:\Program Files (x86)\Windows Kits\10\Include\10.0.15063.0\ucrt\stdio.h(1195): note: see declaration of 'fscanf'
..\shared\glm.cpp(538): warning C4996: 'fscanf': This function or variable may be unsafe. Consider using fscanf_s instead. To disable deprecation, use _CRT_SECURE_NO_WARNINGS. See online help for details.
  C:\Program Files (x86)\Windows Kits\10\Include\10.0.15063.0\ucrt\stdio.h(1195): note: see declaration of 'fscanf'
..\shared\glm.cpp(539): warning C4996: 'fscanf': This function or variable may be unsafe. Consider using fscanf_s instead. To disable deprecation, use _CRT_SECURE_NO_WARNINGS. See online help for details.
  C:\Program Files (x86)\Windows Kits\10\Include\10.0.15063.0\ucrt\stdio.h(1195): note: see declaration of 'fscanf'
..\shared\glm.cpp(542): warning C4996: 'fscanf': This function or variable may be unsafe. Consider using fscanf_s instead. To disable deprecation, use _CRT_SECURE_NO_WARNINGS. See online help for details.
  C:\Program Files (x86)\Windows Kits\10\Include\10.0.15063.0\ucrt\stdio.h(1195): note: see declaration of 'fscanf'
..\shared\glm.cpp(603): warning C4996: 'fscanf': This function or variable may be unsafe. Consider using fscanf_s instead. To disable deprecation, use _CRT_SECURE_NO_WARNINGS. See online help for details.
  C:\Program Files (x86)\Windows Kits\10\Include\10.0.15063.0\ucrt\stdio.h(1195): note: see declaration of 'fscanf'
..\shared\glm.cpp(612): warning C4996: 'fscanf': This function or variable may be unsafe. Consider using fscanf_s instead. To disable deprecation, use _CRT_SECURE_NO_WARNINGS. See online help for details.
  C:\Program Files (x86)\Windows Kits\10\Include\10.0.15063.0\ucrt\stdio.h(1195): note: see declaration of 'fscanf'
..\shared\glm.cpp(619): warning C4996: 'fscanf': This function or variable may be unsafe. Consider using fscanf_s instead. To disable deprecation, use _CRT_SECURE_NO_WARNINGS. See online help for details.
  C:\Program Files (x86)\Windows Kits\10\Include\10.0.15063.0\ucrt\stdio.h(1195): note: see declaration of 'fscanf'
..\shared\glm.cpp(626): warning C4996: 'fscanf': This function or variable may be unsafe. Consider using fscanf_s instead. To disable deprecation, use _CRT_SECURE_NO_WARNINGS. See online help for details.
  C:\Program Files (x86)\Windows Kits\10\Include\10.0.15063.0\ucrt\stdio.h(1195): note: see declaration of 'fscanf'
..\shared\glm.cpp(635): warning C4996: 'sscanf': This function or variable may be unsafe. Consider using sscanf_s instead. To disable deprecation, use _CRT_SECURE_NO_WARNINGS. See online help for details.
  C:\Program Files (x86)\Windows Kits\10\Include\10.0.15063.0\ucrt\stdio.h(2260): note: see declaration of 'sscanf'
..\shared\glm.cpp(651): warning C4996: 'fscanf': This function or variable may be unsafe. Consider using fscanf_s instead. To disable deprecation, use _CRT_SECURE_NO_WARNINGS. See online help for details.
  C:\Program Files (x86)\Windows Kits\10\Include\10.0.15063.0\ucrt\stdio.h(1195): note: see declaration of 'fscanf'
..\shared\glm.cpp(655): warning C4996: 'sscanf': This function or variable may be unsafe. Consider using sscanf_s instead. To disable deprecation, use _CRT_SECURE_NO_WARNINGS. See online help for details.
  C:\Program Files (x86)\Windows Kits\10\Include\10.0.15063.0\ucrt\stdio.h(2260): note: see declaration of 'sscanf'
..\shared\glm.cpp(658): warning C4996: 'fscanf': This function or variable may be unsafe. Consider using fscanf_s instead. To disable deprecation, use _CRT_SECURE_NO_WARNINGS. See online help for details.
  C:\Program Files (x86)\Windows Kits\10\Include\10.0.15063.0\ucrt\stdio.h(1195): note: see declaration of 'fscanf'
..\shared\glm.cpp(661): warning C4996: 'fscanf': This function or variable may be unsafe. Consider using fscanf_s instead. To disable deprecation, use _CRT_SECURE_NO_WARNINGS. See online help for details.
  C:\Program Files (x86)\Windows Kits\10\Include\10.0.15063.0\ucrt\stdio.h(1195): note: see declaration of 'fscanf'
..\shared\glm.cpp(666): warning C4996: 'fscanf': This function or variable may be unsafe. Consider using fscanf_s instead. To disable deprecation, use _CRT_SECURE_NO_WARNINGS. See online help for details.
  C:\Program Files (x86)\Windows Kits\10\Include\10.0.15063.0\ucrt\stdio.h(1195): note: see declaration of 'fscanf'
..\shared\glm.cpp(676): warning C4996: 'sscanf': This function or variable may be unsafe. Consider using sscanf_s instead. To disable deprecation, use _CRT_SECURE_NO_WARNINGS. See online help for details.
  C:\Program Files (x86)\Windows Kits\10\Include\10.0.15063.0\ucrt\stdio.h(2260): note: see declaration of 'sscanf'
..\shared\glm.cpp(681): warning C4996: 'fscanf': This function or variable may be unsafe. Consider using fscanf_s instead. To disable deprecation, use _CRT_SECURE_NO_WARNINGS. See online help for details.
  C:\Program Files (x86)\Windows Kits\10\Include\10.0.15063.0\ucrt\stdio.h(1195): note: see declaration of 'fscanf'
..\shared\glm.cpp(685): warning C4996: 'fscanf': This function or variable may be unsafe. Consider using fscanf_s instead. To disable deprecation, use _CRT_SECURE_NO_WARNINGS. See online help for details.
  C:\Program Files (x86)\Windows Kits\10\Include\10.0.15063.0\ucrt\stdio.h(1195): note: see declaration of 'fscanf'
..\shared\glm.cpp(691): warning C4996: 'fscanf': This function or variable may be unsafe. Consider using fscanf_s instead. To disable deprecation, use _CRT_SECURE_NO_WARNINGS. See online help for details.
  C:\Program Files (x86)\Windows Kits\10\Include\10.0.15063.0\ucrt\stdio.h(1195): note: see declaration of 'fscanf'
..\shared\glm.cpp(704): warning C4996: 'sscanf': This function or variable may be unsafe. Consider using sscanf_s instead. To disable deprecation, use _CRT_SECURE_NO_WARNINGS. See online help for details.
  C:\Program Files (x86)\Windows Kits\10\Include\10.0.15063.0\ucrt\stdio.h(2260): note: see declaration of 'sscanf'
..\shared\glm.cpp(708): warning C4996: 'fscanf': This function or variable may be unsafe. Consider using fscanf_s instead. To disable deprecation, use _CRT_SECURE_NO_WARNINGS. See online help for details.
  C:\Program Files (x86)\Windows Kits\10\Include\10.0.15063.0\ucrt\stdio.h(1195): note: see declaration of 'fscanf'
..\shared\glm.cpp(711): warning C4996: 'fscanf': This function or variable may be unsafe. Consider using fscanf_s instead. To disable deprecation, use _CRT_SECURE_NO_WARNINGS. See online help for details.
  C:\Program Files (x86)\Windows Kits\10\Include\10.0.15063.0\ucrt\stdio.h(1195): note: see declaration of 'fscanf'
..\shared\glm.cpp(716): warning C4996: 'fscanf': This function or variable may be unsafe. Consider using fscanf_s instead. To disable deprecation, use _CRT_SECURE_NO_WARNINGS. See online help for details.
  C:\Program Files (x86)\Windows Kits\10\Include\10.0.15063.0\ucrt\stdio.h(1195): note: see declaration of 'fscanf'
..\shared\glm.cpp(728): warning C4996: 'sscanf': This function or variable may be unsafe. Consider using sscanf_s instead. To disable deprecation, use _CRT_SECURE_NO_WARNINGS. See online help for details.
  C:\Program Files (x86)\Windows Kits\10\Include\10.0.15063.0\ucrt\stdio.h(2260): note: see declaration of 'sscanf'
..\shared\glm.cpp(730): warning C4996: 'fscanf': This function or variable may be unsafe. Consider using fscanf_s instead. To disable deprecation, use _CRT_SECURE_NO_WARNINGS. See online help for details.
  C:\Program Files (x86)\Windows Kits\10\Include\10.0.15063.0\ucrt\stdio.h(1195): note: see declaration of 'fscanf'
..\shared\glm.cpp(732): warning C4996: 'fscanf': This function or variable may be unsafe. Consider using fscanf_s instead. To disable deprecation, use _CRT_SECURE_NO_WARNINGS. See online help for details.
  C:\Program Files (x86)\Windows Kits\10\Include\10.0.15063.0\ucrt\stdio.h(1195): note: see declaration of 'fscanf'
..\shared\glm.cpp(736): warning C4996: 'fscanf': This function or variable may be unsafe. Consider using fscanf_s instead. To disable deprecation, use _CRT_SECURE_NO_WARNINGS. See online help for details.
  C:\Program Files (x86)\Windows Kits\10\Include\10.0.15063.0\ucrt\stdio.h(1195): note: see declaration of 'fscanf'
..\shared\glm.cpp(811): warning C4244: '=': conversion from 'double' to 'GLfloat', possible loss of data
..\shared\glm.cpp(812): warning C4244: '=': conversion from 'double' to 'GLfloat', possible loss of data
..\shared\glm.cpp(813): warning C4244: '=': conversion from 'double' to 'GLfloat', possible loss of data
..\shared\glm.cpp(816): warning C4244: '=': conversion from 'double' to 'GLfloat', possible loss of data
..\shared\glm.cpp(1016): warning C4244: '=': conversion from 'double' to 'GLfloat', possible loss of data
..\shared\glm.cpp(1173): warning C4244: '=': conversion from 'double' to 'GLfloat', possible loss of data
..\shared\glm.cpp(1179): warning C4244: '=': conversion from 'double' to 'GLfloat', possible loss of data
..\shared\glm.cpp(1180): warning C4244: '=': conversion from 'double' to 'GLfloat', possible loss of data
..\shared\glm.cpp(1230): warning C4244: '=': conversion from 'double' to 'GLfloat', possible loss of data
..\shared\glm.cpp(1231): warning C4244: '=': conversion from 'double' to 'GLfloat', possible loss of data
..\shared\glm.cpp(1238): warning C4305: '=': truncation from 'double' to 'GLfloat'
..\shared\glm.cpp(1240): warning C4244: '=': conversion from 'double' to 'GLfloat', possible loss of data
..\shared\glm.cpp(1243): warning C4305: '=': truncation from 'double' to 'GLfloat'
..\shared\glm.cpp(1245): warning C4244: '=': conversion from 'double' to 'GLfloat', possible loss of data
..\shared\glm.cpp(1248): warning C4244: '=': conversion from 'double' to 'GLfloat', possible loss of data
..\shared\glm.cpp(1249): warning C4244: '=': conversion from 'double' to 'GLfloat', possible loss of data
..\shared\glm.cpp(1312): warning C4996: 'fopen': This function or variable may be unsafe. Consider using fopen_s instead. To disable deprecation, use _CRT_SECURE_NO_WARNINGS. See online help for details.
  C:\Program Files (x86)\Windows Kits\10\Include\10.0.15063.0\ucrt\stdio.h(207): note: see declaration of 'fopen'
..\shared\glm.cpp(1321): warning C4996: 'strdup': The POSIX name for this item is deprecated. Instead, use the ISO C and C++ conformant name: _strdup. See online help for details.
  C:\Program Files (x86)\Windows Kits\10\Include\10.0.15063.0\ucrt\string.h(538): note: see declaration of 'strdup'
..\shared\glm.cpp(1433): warning C4996: 'fopen': This function or variable may be unsafe. Consider using fopen_s instead. To disable deprecation, use _CRT_SECURE_NO_WARNINGS. See online help for details.
  C:\Program Files (x86)\Windows Kits\10\Include\10.0.15063.0\ucrt\stdio.h(207): note: see declaration of 'fopen'
..\shared\glm.cpp(1795): warning C4996: 'fopen': This function or variable may be unsafe. Consider using fopen_s instead. To disable deprecation, use _CRT_SECURE_NO_WARNINGS. See online help for details.
  C:\Program Files (x86)\Windows Kits\10\Include\10.0.15063.0\ucrt\stdio.h(207): note: see declaration of 'fopen'
..\shared\glm.cpp(1816): warning C4996: 'sscanf': This function or variable may be unsafe. Consider using sscanf_s instead. To disable deprecation, use _CRT_SECURE_NO_WARNINGS. See online help for details.
  C:\Program Files (x86)\Windows Kits\10\Include\10.0.15063.0\ucrt\stdio.h(2260): note: see declaration of 'sscanf'
..\shared\glm.cpp(1818): warning C4996: 'sscanf': This function or variable may be unsafe. Consider using sscanf_s instead. To disable deprecation, use _CRT_SECURE_NO_WARNINGS. See online help for details.
  C:\Program Files (x86)\Windows Kits\10\Include\10.0.15063.0\ucrt\stdio.h(2260): note: see declaration of 'sscanf'
..\shared\glm.cpp(1820): warning C4996: 'sscanf': This function or variable may be unsafe. Consider using sscanf_s instead. To disable deprecation, use _CRT_SECURE_NO_WARNINGS. See online help for details.
  C:\Program Files (x86)\Windows Kits\10\Include\10.0.15063.0\ucrt\stdio.h(2260): note: see declaration of 'sscanf'
  ImgLoad.cpp
  StefLib.cpp
Release\GLee.obj : warning LNK4042: object specified more than once; extras ignored
  Generating code
  All 1666 functions were compiled because no usable IPDB/IOBJ from previous compilation was found.
  Finished generating code
  3DExample1.vcxproj -> G:\Work\University\Level 5\3d graphics programming\3D Space Game\Release\SpaceGame.exe
  3DExample1.vcxproj -> G:\Work\University\Level 5\3d graphics programming\3D Space Game\Release\SpaceGame.pdb (Full PDB)
